# JRE version: OpenJDK Runtime Environment Temurin-21.0.6+7 (21.0.6+7) (build 21.0.6+7-LTS)
# Java VM: OpenJDK 64-Bit Server VM Temurin-21.0.6+7 (21.0.6+7-LTS, mixed mode, emulated-client, sharing, tiered, compressed oops, compressed class ptrs, g1 gc, windows-amd64)
GC Precious Log:
 CardTable entry size: 512
 Card Set container configuration: InlinePtr #cards 5 size 8 Array Of Cards #cards 12 size 40 Howl #buckets 4 coarsen threshold 1843 Howl Bitmap #cards 512 size 80 coarsen threshold 460 Card regions per heap region 1 cards per card region 2048
 CPUs: 4 total, 4 available
 Memory: 11709M
 Large Page Support: Disabled
 NUMA Support: Disabled
 Compressed Oops: Enabled (32-bit)
 Heap Region Size: 1M
 Heap Min Capacity: 8M
 Heap Initial Capacity: 184M
 Heap Max Capacity: 1G
 Pre-touch: Disabled
 Parallel Workers: 4
 Concurrent Workers: 1
 Concurrent Refinement Workers: 4
 Periodic GC: Disabled
Heap:
 garbage-first heap   total 71680K, used 33839K [0x00000000c0000000, 0x0000000100000000)
  region size 1024K, 1 young (1024K), 0 survivors (0K)
 Metaspace       used 55882K, committed 56704K, reserved 1114112K
  class space    used 6834K, committed 7232K, reserved 1048576K
GC Heap History (20 events):
Event: 47162.133 GC heap after
{Heap after GC invocations=4575 (full 4554):
 garbage-first heap   total 71680K, used 33839K [0x00000000c0000000, 0x0000000100000000)
  region size 1024K, 0 young (0K), 0 survivors (0K)
 Metaspace       used 55882K, committed 56704K, reserved 1114112K
  class space    used 6834K, committed 7232K, reserved 1048576K
}
Event: 47172.839 GC heap before
{Heap before GC invocations=4575 (full 4554):
 garbage-first heap   total 71680K, used 33839K [0x00000000c0000000, 0x0000000100000000)
  region size 1024K, 1 young (1024K), 0 survivors (0K)
 Metaspace       used 55882K, committed 56704K, reserved 1114112K
  class space    used 6834K, committed 7232K, reserved 1048576K
}
Event: 47172.912 GC heap after
{Heap after GC invocations=4576 (full 4555):
 garbage-first heap   total 71680K, used 33839K [0x00000000c0000000, 0x0000000100000000)
  region size 1024K, 0 young (0K), 0 survivors (0K)
 Metaspace       used 55882K, committed 56704K, reserved 1114112K
  class space    used 6834K, committed 7232K, reserved 1048576K
}
Event: 47183.581 GC heap before
{Heap before GC invocations=4576 (full 4555):
 garbage-first heap   total 71680K, used 33839K [0x00000000c0000000, 0x0000000100000000)
  region size 1024K, 1 young (1024K), 0 survivors (0K)
 Metaspace       used 55882K, committed 56704K, reserved 1114112K
  class space    used 6834K, committed 7232K, reserved 1048576K
}
Event: 47183.649 GC heap after
{Heap after GC invocations=4577 (full 4556):
 garbage-first heap   total 71680K, used 33839K [0x00000000c0000000, 0x0000000100000000)
  region size 1024K, 0 young (0K), 0 survivors (0K)
 Metaspace       used 55882K, committed 56704K, reserved 1114112K
  class space    used 6834K, committed 7232K, reserved 1048576K
}
Event: 47194.140 GC heap before
{Heap before GC invocations=4577 (full 4556):
 garbage-first heap   total 71680K, used 33839K [0x00000000c0000000, 0x0000000100000000)
  region size 1024K, 1 young (1024K), 0 survivors (0K)
 Metaspace       used 55882K, committed 56704K, reserved 1114112K
  class space    used 6834K, committed 7232K, reserved 1048576K
}
Event: 47194.210 GC heap after
{Heap after GC invocations=4578 (full 4557):
 garbage-first heap   total 71680K, used 33839K [0x00000000c0000000, 0x0000000100000000)
  region size 1024K, 0 young (0K), 0 survivors (0K)
 Metaspace       used 55882K, committed 56704K, reserved 1114112K
  class space    used 6834K, committed 7232K, reserved 1048576K
}
Event: 47206.837 GC heap before
{Heap before GC invocations=4578 (full 4557):
 garbage-first heap   total 71680K, used 33839K [0x00000000c0000000, 0x0000000100000000)
  region size 1024K, 1 young (1024K), 0 survivors (0K)
 Metaspace       used 55882K, committed 56704K, reserved 1114112K
  class space    used 6834K, committed 7232K, reserved 1048576K
}
Event: 47206.912 GC heap after
{Heap after GC invocations=4579 (full 4558):
 garbage-first heap   total 71680K, used 33839K [0x00000000c0000000, 0x0000000100000000)
  region size 1024K, 0 young (0K), 0 survivors (0K)
 Metaspace       used 55882K, committed 56704K, reserved 1114112K
  class space    used 6834K, committed 7232K, reserved 1048576K
}
Event: 47217.246 GC heap before
{Heap before GC invocations=4579 (full 4558):
 garbage-first heap   total 71680K, used 33839K [0x00000000c0000000, 0x0000000100000000)
  region size 1024K, 1 young (1024K), 0 survivors (0K)
 Metaspace       used 55882K, committed 56704K, reserved 1114112K
  class space    used 6834K, committed 7232K, reserved 1048576K
}
Event: 47217.310 GC heap after
{Heap after GC invocations=4580 (full 4559):
 garbage-first heap   total 71680K, used 33839K [0x00000000c0000000, 0x0000000100000000)
  region size 1024K, 0 young (0K), 0 survivors (0K)
 Metaspace       used 55882K, committed 56704K, reserved 1114112K
  class space    used 6834K, committed 7232K, reserved 1048576K
}
Event: 47228.217 GC heap before
{Heap before GC invocations=4580 (full 4559):
 garbage-first heap   total 71680K, used 33839K [0x00000000c0000000, 0x0000000100000000)
  region size 1024K, 1 young (1024K), 0 survivors (0K)
 Metaspace       used 55882K, committed 56704K, reserved 1114112K
  class space    used 6834K, committed 7232K, reserved 1048576K
}
Event: 47228.288 GC heap after
{Heap after GC invocations=4581 (full 4560):
 garbage-first heap   total 71680K, used 33839K [0x00000000c0000000, 0x0000000100000000)
  region size 1024K, 0 young (0K), 0 survivors (0K)
 Metaspace       used 55882K, committed 56704K, reserved 1114112K
  class space    used 6834K, committed 7232K, reserved 1048576K
}
Event: 47239.911 GC heap before
{Heap before GC invocations=4581 (full 4560):
 garbage-first heap   total 71680K, used 33839K [0x00000000c0000000, 0x0000000100000000)
  region size 1024K, 1 young (1024K), 0 survivors (0K)
 Metaspace       used 55882K, committed 56704K, reserved 1114112K
  class space    used 6834K, committed 7232K, reserved 1048576K
}
Event: 47239.978 GC heap after
{Heap after GC invocations=4582 (full 4561):
 garbage-first heap   total 71680K, used 33839K [0x00000000c0000000, 0x0000000100000000)
  region size 1024K, 0 young (0K), 0 survivors (0K)
 Metaspace       used 55882K, committed 56704K, reserved 1114112K
  class space    used 6834K, committed 7232K, reserved 1048576K
}
Event: 47250.373 GC heap before
{Heap before GC invocations=4582 (full 4561):
 garbage-first heap   total 71680K, used 33839K [0x00000000c0000000, 0x0000000100000000)
  region size 1024K, 1 young (1024K), 0 survivors (0K)
 Metaspace       used 55882K, committed 56704K, reserved 1114112K
  class space    used 6834K, committed 7232K, reserved 1048576K
}
Event: 47250.438 GC heap after
{Heap after GC invocations=4583 (full 4562):
 garbage-first heap   total 71680K, used 33839K [0x00000000c0000000, 0x0000000100000000)
  region size 1024K, 0 young (0K), 0 survivors (0K)
 Metaspace       used 55882K, committed 56704K, reserved 1114112K
  class space    used 6834K, committed 7232K, reserved 1048576K
}
Event: 47260.910 GC heap before
{Heap before GC invocations=4583 (full 4562):
 garbage-first heap   total 71680K, used 33839K [0x00000000c0000000, 0x0000000100000000)
  region size 1024K, 1 young (1024K), 0 survivors (0K)
 Metaspace       used 55882K, committed 56704K, reserved 1114112K
  class space    used 6834K, committed 7232K, reserved 1048576K
}
Event: 47260.983 GC heap after
{Heap after GC invocations=4584 (full 4563):
 garbage-first heap   total 71680K, used 33839K [0x00000000c0000000, 0x0000000100000000)
  region size 1024K, 0 young (0K), 0 survivors (0K)
 Metaspace       used 55882K, committed 56704K, reserved 1114112K
  class space    used 6834K, committed 7232K, reserved 1048576K
}
Event: 47271.162 GC heap before
{Heap before GC invocations=4584 (full 4563):
 garbage-first heap   total 71680K, used 33839K [0x00000000c0000000, 0x0000000100000000)
  region size 1024K, 1 young (1024K), 0 survivors (0K)
 Metaspace       used 55882K, committed 56704K, reserved 1114112K
  class space    used 6834K, committed 7232K, reserved 1048576K
}

