# JRE version: OpenJDK Runtime Environment Temurin-21.0.6+7 (21.0.6+7) (build 21.0.6+7-LTS)
# Java VM: OpenJDK 64-Bit Server VM Temurin-21.0.6+7 (21.0.6+7-LTS, mixed mode, emulated-client, sharing, tiered, compressed oops, compressed class ptrs, g1 gc, windows-amd64)
GC Precious Log:
 CardTable entry size: 512
 Card Set container configuration: InlinePtr #cards 5 size 8 Array Of Cards #cards 12 size 40 Howl #buckets 4 coarsen threshold 1843 Howl Bitmap #cards 512 size 80 coarsen threshold 460 Card regions per heap region 1 cards per card region 2048
 CPUs: 4 total, 4 available
 Memory: 11709M
 Large Page Support: Disabled
 NUMA Support: Disabled
 Compressed Oops: Enabled (32-bit)
 Heap Region Size: 1M
 Heap Min Capacity: 8M
 Heap Initial Capacity: 184M
 Heap Max Capacity: 1G
 Pre-touch: Disabled
 Parallel Workers: 4
 Concurrent Workers: 1
 Concurrent Refinement Workers: 4
 Periodic GC: Disabled
Heap:
 garbage-first heap   total 71680K, used 33194K [0x00000000c0000000, 0x0000000100000000)
  region size 1024K, 1 young (1024K), 0 survivors (0K)
 Metaspace       used 55577K, committed 56320K, reserved 1114112K
  class space    used 6819K, committed 7104K, reserved 1048576K
GC Heap History (20 events):
Event: 9358.105 GC heap after
{Heap after GC invocations=903 (full 886):
 garbage-first heap   total 71680K, used 33194K [0x00000000c0000000, 0x0000000100000000)
  region size 1024K, 0 young (0K), 0 survivors (0K)
 Metaspace       used 55577K, committed 56320K, reserved 1114112K
  class space    used 6819K, committed 7104K, reserved 1048576K
}
Event: 9368.596 GC heap before
{Heap before GC invocations=903 (full 886):
 garbage-first heap   total 71680K, used 33194K [0x00000000c0000000, 0x0000000100000000)
  region size 1024K, 1 young (1024K), 0 survivors (0K)
 Metaspace       used 55577K, committed 56320K, reserved 1114112K
  class space    used 6819K, committed 7104K, reserved 1048576K
}
Event: 9368.652 GC heap after
{Heap after GC invocations=904 (full 887):
 garbage-first heap   total 71680K, used 33194K [0x00000000c0000000, 0x0000000100000000)
  region size 1024K, 0 young (0K), 0 survivors (0K)
 Metaspace       used 55577K, committed 56320K, reserved 1114112K
  class space    used 6819K, committed 7104K, reserved 1048576K
}
Event: 9378.953 GC heap before
{Heap before GC invocations=904 (full 887):
 garbage-first heap   total 71680K, used 33194K [0x00000000c0000000, 0x0000000100000000)
  region size 1024K, 1 young (1024K), 0 survivors (0K)
 Metaspace       used 55577K, committed 56320K, reserved 1114112K
  class space    used 6819K, committed 7104K, reserved 1048576K
}
Event: 9379.006 GC heap after
{Heap after GC invocations=905 (full 888):
 garbage-first heap   total 71680K, used 33194K [0x00000000c0000000, 0x0000000100000000)
  region size 1024K, 0 young (0K), 0 survivors (0K)
 Metaspace       used 55577K, committed 56320K, reserved 1114112K
  class space    used 6819K, committed 7104K, reserved 1048576K
}
Event: 9389.236 GC heap before
{Heap before GC invocations=905 (full 888):
 garbage-first heap   total 71680K, used 33194K [0x00000000c0000000, 0x0000000100000000)
  region size 1024K, 1 young (1024K), 0 survivors (0K)
 Metaspace       used 55577K, committed 56320K, reserved 1114112K
  class space    used 6819K, committed 7104K, reserved 1048576K
}
Event: 9389.285 GC heap after
{Heap after GC invocations=906 (full 889):
 garbage-first heap   total 71680K, used 33194K [0x00000000c0000000, 0x0000000100000000)
  region size 1024K, 0 young (0K), 0 survivors (0K)
 Metaspace       used 55577K, committed 56320K, reserved 1114112K
  class space    used 6819K, committed 7104K, reserved 1048576K
}
Event: 9399.628 GC heap before
{Heap before GC invocations=906 (full 889):
 garbage-first heap   total 71680K, used 33194K [0x00000000c0000000, 0x0000000100000000)
  region size 1024K, 1 young (1024K), 0 survivors (0K)
 Metaspace       used 55577K, committed 56320K, reserved 1114112K
  class space    used 6819K, committed 7104K, reserved 1048576K
}
Event: 9399.683 GC heap after
{Heap after GC invocations=907 (full 890):
 garbage-first heap   total 71680K, used 33194K [0x00000000c0000000, 0x0000000100000000)
  region size 1024K, 0 young (0K), 0 survivors (0K)
 Metaspace       used 55577K, committed 56320K, reserved 1114112K
  class space    used 6819K, committed 7104K, reserved 1048576K
}
Event: 9409.914 GC heap before
{Heap before GC invocations=907 (full 890):
 garbage-first heap   total 71680K, used 33194K [0x00000000c0000000, 0x0000000100000000)
  region size 1024K, 1 young (1024K), 0 survivors (0K)
 Metaspace       used 55577K, committed 56320K, reserved 1114112K
  class space    used 6819K, committed 7104K, reserved 1048576K
}
Event: 9409.961 GC heap after
{Heap after GC invocations=908 (full 891):
 garbage-first heap   total 71680K, used 33194K [0x00000000c0000000, 0x0000000100000000)
  region size 1024K, 0 young (0K), 0 survivors (0K)
 Metaspace       used 55577K, committed 56320K, reserved 1114112K
  class space    used 6819K, committed 7104K, reserved 1048576K
}
Event: 9420.294 GC heap before
{Heap before GC invocations=908 (full 891):
 garbage-first heap   total 71680K, used 33194K [0x00000000c0000000, 0x0000000100000000)
  region size 1024K, 1 young (1024K), 0 survivors (0K)
 Metaspace       used 55577K, committed 56320K, reserved 1114112K
  class space    used 6819K, committed 7104K, reserved 1048576K
}
Event: 9420.350 GC heap after
{Heap after GC invocations=909 (full 892):
 garbage-first heap   total 71680K, used 33194K [0x00000000c0000000, 0x0000000100000000)
  region size 1024K, 0 young (0K), 0 survivors (0K)
 Metaspace       used 55577K, committed 56320K, reserved 1114112K
  class space    used 6819K, committed 7104K, reserved 1048576K
}
Event: 9430.596 GC heap before
{Heap before GC invocations=909 (full 892):
 garbage-first heap   total 71680K, used 33194K [0x00000000c0000000, 0x0000000100000000)
  region size 1024K, 1 young (1024K), 0 survivors (0K)
 Metaspace       used 55577K, committed 56320K, reserved 1114112K
  class space    used 6819K, committed 7104K, reserved 1048576K
}
Event: 9430.643 GC heap after
{Heap after GC invocations=910 (full 893):
 garbage-first heap   total 71680K, used 33194K [0x00000000c0000000, 0x0000000100000000)
  region size 1024K, 0 young (0K), 0 survivors (0K)
 Metaspace       used 55577K, committed 56320K, reserved 1114112K
  class space    used 6819K, committed 7104K, reserved 1048576K
}
Event: 9440.872 GC heap before
{Heap before GC invocations=910 (full 893):
 garbage-first heap   total 71680K, used 33194K [0x00000000c0000000, 0x0000000100000000)
  region size 1024K, 1 young (1024K), 0 survivors (0K)
 Metaspace       used 55577K, committed 56320K, reserved 1114112K
  class space    used 6819K, committed 7104K, reserved 1048576K
}
Event: 9440.921 GC heap after
{Heap after GC invocations=911 (full 894):
 garbage-first heap   total 71680K, used 33194K [0x00000000c0000000, 0x0000000100000000)
  region size 1024K, 0 young (0K), 0 survivors (0K)
 Metaspace       used 55577K, committed 56320K, reserved 1114112K
  class space    used 6819K, committed 7104K, reserved 1048576K
}
Event: 9451.261 GC heap before
{Heap before GC invocations=911 (full 894):
 garbage-first heap   total 71680K, used 33194K [0x00000000c0000000, 0x0000000100000000)
  region size 1024K, 1 young (1024K), 0 survivors (0K)
 Metaspace       used 55577K, committed 56320K, reserved 1114112K
  class space    used 6819K, committed 7104K, reserved 1048576K
}
Event: 9451.316 GC heap after
{Heap after GC invocations=912 (full 895):
 garbage-first heap   total 71680K, used 33194K [0x00000000c0000000, 0x0000000100000000)
  region size 1024K, 0 young (0K), 0 survivors (0K)
 Metaspace       used 55577K, committed 56320K, reserved 1114112K
  class space    used 6819K, committed 7104K, reserved 1048576K
}
Event: 9461.898 GC heap before
{Heap before GC invocations=912 (full 895):
 garbage-first heap   total 71680K, used 33194K [0x00000000c0000000, 0x0000000100000000)
  region size 1024K, 1 young (1024K), 0 survivors (0K)
 Metaspace       used 55577K, committed 56320K, reserved 1114112K
  class space    used 6819K, committed 7104K, reserved 1048576K
}

